<?xml version="1.0" encoding="UTF-8"?>
<testng-results skipped="0" failed="0" ignored="0" total="1" passed="1">
  <reporter-output>
  </reporter-output>
  <suite name="Default suite" duration-ms="32150" started-at="2019-12-01T23:34:22Z" finished-at="2019-12-01T23:34:55Z">
    <groups>
    </groups>
    <test name="Default test" duration-ms="32150" started-at="2019-12-01T23:34:22Z" finished-at="2019-12-01T23:34:55Z">
      <class name="com.gmail.testscripts.SendEmail">
        <test-method status="PASS" signature="launchApplication()[pri:0, instance:com.gmail.testscripts.SendEmail@21213b92]" name="launchApplication" is-config="true" duration-ms="13137" started-at="2019-12-01T23:34:22Z" finished-at="2019-12-01T23:34:36Z">
          <reporter-output>
          </reporter-output>
        </test-method> <!-- launchApplication -->
        <test-method status="PASS" signature="tc_01_sendEmail()[pri:0, instance:com.gmail.testscripts.SendEmail@21213b92]" name="tc_01_sendEmail" duration-ms="18306" started-at="2019-12-01T23:34:36Z" finished-at="2019-12-01T23:34:54Z">
          <reporter-output>
          </reporter-output>
        </test-method> <!-- tc_01_sendEmail -->
        <test-method status="PASS" signature="closeApplication()[pri:0, instance:com.gmail.testscripts.SendEmail@21213b92]" name="closeApplication" is-config="true" duration-ms="684" started-at="2019-12-01T23:34:54Z" finished-at="2019-12-01T23:34:55Z">
          <reporter-output>
          </reporter-output>
        </test-method> <!-- closeApplication -->
      </class> <!-- com.gmail.testscripts.SendEmail -->
    </test> <!-- Default test -->
  </suite> <!-- Default suite -->
</testng-results>
